[2019-03-23 09:50:48] INFO [main: CodeCraft-2019.py, 527] car_path is config/car.txt
[2019-03-23 09:50:48] INFO [main: CodeCraft-2019.py, 528] road_path is config/road.txt
[2019-03-23 09:50:48] INFO [main: CodeCraft-2019.py, 529] cross_path is config/cross.txt
[2019-03-23 09:50:48] INFO [main: CodeCraft-2019.py, 530] answer_path is config/answer.txt
[2019-03-23 21:43:25] INFO [main: CodeCraft-2019.py, 527] car_path is config/car.txt
[2019-03-23 21:43:25] INFO [main: CodeCraft-2019.py, 528] road_path is config/road.txt
[2019-03-23 21:43:25] INFO [main: CodeCraft-2019.py, 529] cross_path is config/cross.txt
[2019-03-23 21:43:25] INFO [main: CodeCraft-2019.py, 530] answer_path is config/answer.txt
[2019-03-24 17:25:52] INFO [main: CodeCraft-2019.py, 527] car_path is config/car.txt
[2019-03-24 17:25:52] INFO [main: CodeCraft-2019.py, 528] road_path is config/road.txt
[2019-03-24 17:25:52] INFO [main: CodeCraft-2019.py, 529] cross_path is config/cross.txt
[2019-03-24 17:25:52] INFO [main: CodeCraft-2019.py, 530] answer_path is config/answer.txt
[2019-03-24 17:26:24] INFO [main: CodeCraft-2019.py, 527] car_path is config/car.txt
[2019-03-24 17:26:24] INFO [main: CodeCraft-2019.py, 528] road_path is config/road.txt
[2019-03-24 17:26:24] INFO [main: CodeCraft-2019.py, 529] cross_path is config/cross.txt
[2019-03-24 17:26:24] INFO [main: CodeCraft-2019.py, 530] answer_path is config/answer.txt
[2019-03-24 17:51:03] INFO [main: CodeCraft-2019.py, 527] car_path is config/car.txt
[2019-03-24 17:51:03] INFO [main: CodeCraft-2019.py, 528] road_path is config/road.txt
[2019-03-24 17:51:03] INFO [main: CodeCraft-2019.py, 529] cross_path is config/cross.txt
[2019-03-24 17:51:03] INFO [main: CodeCraft-2019.py, 530] answer_path is config/answer.txt
[2019-03-24 18:43:43] INFO [main: CodeCraft-2019.py, 530] car_path is config/car.txt
[2019-03-24 18:43:43] INFO [main: CodeCraft-2019.py, 531] road_path is config/road.txt
[2019-03-24 18:43:43] INFO [main: CodeCraft-2019.py, 532] cross_path is config/cross.txt
[2019-03-24 18:43:43] INFO [main: CodeCraft-2019.py, 533] answer_path is config/answer.txt
[2019-03-24 20:16:38] INFO [main: CodeCraft-2019.py, 530] car_path is config/car.txt
[2019-03-24 20:16:38] INFO [main: CodeCraft-2019.py, 531] road_path is config/road.txt
[2019-03-24 20:16:38] INFO [main: CodeCraft-2019.py, 532] cross_path is config/cross.txt
[2019-03-24 20:16:38] INFO [main: CodeCraft-2019.py, 533] answer_path is config/answer.txt
[2019-03-24 20:22:34] INFO [main: CodeCraft-2019.py, 530] car_path is config/car.txt
[2019-03-24 20:22:34] INFO [main: CodeCraft-2019.py, 531] road_path is config/road.txt
[2019-03-24 20:22:34] INFO [main: CodeCraft-2019.py, 532] cross_path is config/cross.txt
[2019-03-24 20:22:34] INFO [main: CodeCraft-2019.py, 533] answer_path is config/answer.txt
[2019-03-24 20:27:54] INFO [main: CodeCraft-2019.py, 530] car_path is config/car.txt
[2019-03-24 20:27:54] INFO [main: CodeCraft-2019.py, 531] road_path is config/road.txt
[2019-03-24 20:27:54] INFO [main: CodeCraft-2019.py, 532] cross_path is config/cross.txt
[2019-03-24 20:27:54] INFO [main: CodeCraft-2019.py, 533] answer_path is config/answer.txt
[2019-03-24 20:31:44] INFO [main: CodeCraft-2019.py, 530] car_path is config/car.txt
[2019-03-24 20:31:44] INFO [main: CodeCraft-2019.py, 531] road_path is config/road.txt
[2019-03-24 20:31:44] INFO [main: CodeCraft-2019.py, 532] cross_path is config/cross.txt
[2019-03-24 20:31:44] INFO [main: CodeCraft-2019.py, 533] answer_path is config/answer.txt
[2019-03-24 20:45:38] INFO [main: CodeCraft-2019.py, 530] car_path is config/car.txt
[2019-03-24 20:45:38] INFO [main: CodeCraft-2019.py, 531] road_path is config/road.txt
[2019-03-24 20:45:38] INFO [main: CodeCraft-2019.py, 532] cross_path is config/cross.txt
[2019-03-24 20:45:38] INFO [main: CodeCraft-2019.py, 533] answer_path is config/answer.txt
[2019-03-24 21:00:21] INFO [main: CodeCraft-2019.py, 530] car_path is config/car.txt
[2019-03-24 21:00:21] INFO [main: CodeCraft-2019.py, 531] road_path is config/road.txt
[2019-03-24 21:00:21] INFO [main: CodeCraft-2019.py, 532] cross_path is config/cross.txt
[2019-03-24 21:00:21] INFO [main: CodeCraft-2019.py, 533] answer_path is config/answer.txt
[2019-03-24 21:35:56] INFO [main: CodeCraft-2019.py, 530] car_path is config/car.txt
[2019-03-24 21:35:56] INFO [main: CodeCraft-2019.py, 531] road_path is config/road.txt
[2019-03-24 21:35:56] INFO [main: CodeCraft-2019.py, 532] cross_path is config/cross.txt
[2019-03-24 21:35:56] INFO [main: CodeCraft-2019.py, 533] answer_path is config/answer.txt
[2019-03-24 21:40:39] INFO [main: CodeCraft-2019.py, 527] car_path is config/car.txt
[2019-03-24 21:40:39] INFO [main: CodeCraft-2019.py, 528] road_path is config/road.txt
[2019-03-24 21:40:39] INFO [main: CodeCraft-2019.py, 529] cross_path is config/cross.txt
[2019-03-24 21:40:39] INFO [main: CodeCraft-2019.py, 530] answer_path is config/answer.txt
[2019-03-24 21:47:24] INFO [main: CodeCraft-2019.py, 527] car_path is config/car.txt
[2019-03-24 21:47:24] INFO [main: CodeCraft-2019.py, 528] road_path is config/road.txt
[2019-03-24 21:47:24] INFO [main: CodeCraft-2019.py, 529] cross_path is config/cross.txt
[2019-03-24 21:47:24] INFO [main: CodeCraft-2019.py, 530] answer_path is config/answer.txt
[2019-03-27 09:43:41] INFO [main: CodeCraft-2019.py, 528] car_path is config/car.txt
[2019-03-27 09:43:41] INFO [main: CodeCraft-2019.py, 529] road_path is config/road.txt
[2019-03-27 09:43:41] INFO [main: CodeCraft-2019.py, 530] cross_path is config/cross.txt
[2019-03-27 09:43:41] INFO [main: CodeCraft-2019.py, 531] answer_path is config/answer.txt
[2019-03-27 09:48:51] INFO [main: CodeCraft-2019.py, 528] car_path is config/car.txt
[2019-03-27 09:48:51] INFO [main: CodeCraft-2019.py, 529] road_path is config/road.txt
[2019-03-27 09:48:51] INFO [main: CodeCraft-2019.py, 530] cross_path is config/cross.txt
[2019-03-27 09:48:51] INFO [main: CodeCraft-2019.py, 531] answer_path is config/answer.txt
[2019-03-27 09:51:37] INFO [main: CodeCraft-2019.py, 528] car_path is config/car.txt
[2019-03-27 09:51:37] INFO [main: CodeCraft-2019.py, 529] road_path is config/road.txt
[2019-03-27 09:51:37] INFO [main: CodeCraft-2019.py, 530] cross_path is config/cross.txt
[2019-03-27 09:51:37] INFO [main: CodeCraft-2019.py, 531] answer_path is config/answer.txt
[2019-03-27 10:11:23] INFO [main: CodeCraft-2019.py, 528] car_path is config/car.txt
[2019-03-27 10:11:23] INFO [main: CodeCraft-2019.py, 529] road_path is config/road.txt
[2019-03-27 10:11:23] INFO [main: CodeCraft-2019.py, 530] cross_path is config/cross.txt
[2019-03-27 10:11:23] INFO [main: CodeCraft-2019.py, 531] answer_path is config/answer.txt
[2019-03-27 10:32:01] INFO [main: CodeCraft-2019.py, 528] car_path is config/car.txt
[2019-03-27 10:32:01] INFO [main: CodeCraft-2019.py, 529] road_path is config/road.txt
[2019-03-27 10:32:01] INFO [main: CodeCraft-2019.py, 530] cross_path is config/cross.txt
[2019-03-27 10:32:01] INFO [main: CodeCraft-2019.py, 531] answer_path is config/answer.txt
[2019-03-30 08:50:46] INFO [main: CodeCraft-2019.py, 528] car_path is config/car.txt
[2019-03-30 08:50:46] INFO [main: CodeCraft-2019.py, 529] road_path is config/road.txt
[2019-03-30 08:50:46] INFO [main: CodeCraft-2019.py, 530] cross_path is config/cross.txt
[2019-03-30 08:50:46] INFO [main: CodeCraft-2019.py, 531] answer_path is config/answer.txt
[2019-03-30 08:54:23] INFO [main: CodeCraft-2019.py, 528] car_path is config/car.txt
[2019-03-30 08:54:23] INFO [main: CodeCraft-2019.py, 529] road_path is config/road.txt
[2019-03-30 08:54:23] INFO [main: CodeCraft-2019.py, 530] cross_path is config/cross.txt
[2019-03-30 08:54:23] INFO [main: CodeCraft-2019.py, 531] answer_path is config/answer.txt
[2019-03-30 08:54:23] INFO [read_car_file: CodeCraft-2019.py, 47] car info missing attribute
[2019-03-30 08:54:33] INFO [main: CodeCraft-2019.py, 528] car_path is config/car.txt
[2019-03-30 08:54:33] INFO [main: CodeCraft-2019.py, 529] road_path is config/road.txt
[2019-03-30 08:54:33] INFO [main: CodeCraft-2019.py, 530] cross_path is config/cross.txt
[2019-03-30 08:54:33] INFO [main: CodeCraft-2019.py, 531] answer_path is config/answer.txt
[2019-03-30 08:54:33] INFO [read_car_file: CodeCraft-2019.py, 47] car info missing attribute
[2019-03-30 08:55:11] INFO [main: CodeCraft-2019.py, 528] car_path is config/car.txt
[2019-03-30 08:55:11] INFO [main: CodeCraft-2019.py, 529] road_path is config/road.txt
[2019-03-30 08:55:11] INFO [main: CodeCraft-2019.py, 530] cross_path is config/cross.txt
[2019-03-30 08:55:11] INFO [main: CodeCraft-2019.py, 531] answer_path is config/answer.txt
[2019-03-30 08:55:11] INFO [read_car_file: CodeCraft-2019.py, 47] car info missing attribute
[2019-03-30 08:56:18] INFO [main: CodeCraft-2019.py, 529] car_path is config/car.txt
[2019-03-30 08:56:18] INFO [main: CodeCraft-2019.py, 530] road_path is config/road.txt
[2019-03-30 08:56:18] INFO [main: CodeCraft-2019.py, 531] cross_path is config/cross.txt
[2019-03-30 08:56:18] INFO [main: CodeCraft-2019.py, 532] answer_path is config/answer.txt
[2019-03-30 08:56:18] INFO [read_car_file: CodeCraft-2019.py, 47] car info missing attribute
[2019-03-30 08:56:42] INFO [main: CodeCraft-2019.py, 529] car_path is config/car.txt
[2019-03-30 08:56:42] INFO [main: CodeCraft-2019.py, 530] road_path is config/road.txt
[2019-03-30 08:56:42] INFO [main: CodeCraft-2019.py, 531] cross_path is config/cross.txt
[2019-03-30 08:56:42] INFO [main: CodeCraft-2019.py, 532] answer_path is config/answer.txt
[2019-03-30 08:56:42] INFO [read_car_file: CodeCraft-2019.py, 47] car info missing attribute
[2019-03-30 08:57:21] INFO [main: CodeCraft-2019.py, 529] car_path is config/car.txt
[2019-03-30 08:57:21] INFO [main: CodeCraft-2019.py, 530] road_path is config/road.txt
[2019-03-30 08:57:21] INFO [main: CodeCraft-2019.py, 531] cross_path is config/cross.txt
[2019-03-30 08:57:21] INFO [main: CodeCraft-2019.py, 532] answer_path is config/answer.txt
[2019-03-30 08:58:37] INFO [main: CodeCraft-2019.py, 529] car_path is config/car.txt
[2019-03-30 08:58:37] INFO [main: CodeCraft-2019.py, 530] road_path is config/road.txt
[2019-03-30 08:58:37] INFO [main: CodeCraft-2019.py, 531] cross_path is config/cross.txt
[2019-03-30 08:58:37] INFO [main: CodeCraft-2019.py, 532] answer_path is config/answer.txt
[2019-03-30 08:58:37] INFO [read_car_file: CodeCraft-2019.py, 47] car info missing attribute
[2019-03-30 09:01:35] INFO [main: CodeCraft-2019.py, 529] car_path is config/car.txt
[2019-03-30 09:01:35] INFO [main: CodeCraft-2019.py, 530] road_path is config/road.txt
[2019-03-30 09:01:35] INFO [main: CodeCraft-2019.py, 531] cross_path is config/cross.txt
[2019-03-30 09:01:35] INFO [main: CodeCraft-2019.py, 532] answer_path is config/answer.txt
[2019-03-30 09:03:06] INFO [main: CodeCraft-2019.py, 529] car_path is config/car.txt
[2019-03-30 09:03:06] INFO [main: CodeCraft-2019.py, 530] road_path is config/road.txt
[2019-03-30 09:03:06] INFO [main: CodeCraft-2019.py, 531] cross_path is config/cross.txt
[2019-03-30 09:03:06] INFO [main: CodeCraft-2019.py, 532] answer_path is config/answer.txt
[2019-03-30 09:06:55] INFO [main: CodeCraft-2019.py, 529] car_path is config/car.txt
[2019-03-30 09:06:55] INFO [main: CodeCraft-2019.py, 530] road_path is config/road.txt
[2019-03-30 09:06:55] INFO [main: CodeCraft-2019.py, 531] cross_path is config/cross.txt
[2019-03-30 09:06:55] INFO [main: CodeCraft-2019.py, 532] answer_path is config/answer.txt
[2019-03-30 09:11:39] INFO [main: CodeCraft-2019.py, 529] car_path is config/car.txt
[2019-03-30 09:11:39] INFO [main: CodeCraft-2019.py, 530] road_path is config/road.txt
[2019-03-30 09:11:39] INFO [main: CodeCraft-2019.py, 531] cross_path is config/cross.txt
[2019-03-30 09:11:39] INFO [main: CodeCraft-2019.py, 532] answer_path is config/answer.txt
[2019-03-30 09:14:26] INFO [main: CodeCraft-2019.py, 529] car_path is config/car.txt
[2019-03-30 09:14:26] INFO [main: CodeCraft-2019.py, 530] road_path is config/road.txt
[2019-03-30 09:14:26] INFO [main: CodeCraft-2019.py, 531] cross_path is config/cross.txt
[2019-03-30 09:14:26] INFO [main: CodeCraft-2019.py, 532] answer_path is config/answer.txt
[2019-03-30 09:20:20] INFO [main: CodeCraft-2019.py, 529] car_path is config/car.txt
[2019-03-30 09:20:20] INFO [main: CodeCraft-2019.py, 530] road_path is config/road.txt
[2019-03-30 09:20:20] INFO [main: CodeCraft-2019.py, 531] cross_path is config/cross.txt
[2019-03-30 09:20:20] INFO [main: CodeCraft-2019.py, 532] answer_path is config/answer.txt
[2019-03-30 09:26:00] INFO [main: CodeCraft-2019.py, 529] car_path is config/car.txt
[2019-03-30 09:26:00] INFO [main: CodeCraft-2019.py, 530] road_path is config/road.txt
[2019-03-30 09:26:00] INFO [main: CodeCraft-2019.py, 531] cross_path is config/cross.txt
[2019-03-30 09:26:00] INFO [main: CodeCraft-2019.py, 532] answer_path is config/answer.txt
[2019-03-30 09:32:37] INFO [main: CodeCraft-2019.py, 529] car_path is config/car.txt
[2019-03-30 09:32:37] INFO [main: CodeCraft-2019.py, 530] road_path is config/road.txt
[2019-03-30 09:32:37] INFO [main: CodeCraft-2019.py, 531] cross_path is config/cross.txt
[2019-03-30 09:32:37] INFO [main: CodeCraft-2019.py, 532] answer_path is config/answer.txt
[2019-03-30 09:42:01] INFO [main: CodeCraft-2019.py, 529] car_path is config/car.txt
[2019-03-30 09:42:01] INFO [main: CodeCraft-2019.py, 530] road_path is config/road.txt
[2019-03-30 09:42:01] INFO [main: CodeCraft-2019.py, 531] cross_path is config/cross.txt
[2019-03-30 09:42:01] INFO [main: CodeCraft-2019.py, 532] answer_path is config/answer.txt
[2019-03-30 10:47:31] INFO [main: CodeCraft-2019.py, 529] car_path is config/car.txt
[2019-03-30 10:47:31] INFO [main: CodeCraft-2019.py, 530] road_path is config/road.txt
[2019-03-30 10:47:31] INFO [main: CodeCraft-2019.py, 531] cross_path is config/cross.txt
[2019-03-30 10:47:31] INFO [main: CodeCraft-2019.py, 532] answer_path is config/answer.txt
